Started GET "/" for ::1 at 2020-05-15 14:56:42 -0500
  [1m[35m (8.7ms)[0m  [1m[34mSELECT sqlite_version(*)[0m
Processing by Rails::WelcomeController#index as HTML
  Rendering /Users/vidhi.sharma/.rvm/gems/ruby-2.6.1/gems/railties-6.0.3/lib/rails/templates/rails/welcome/index.html.erb
  Rendered /Users/vidhi.sharma/.rvm/gems/ruby-2.6.1/gems/railties-6.0.3/lib/rails/templates/rails/welcome/index.html.erb (Duration: 21.4ms | Allocations: 481)
Completed 200 OK in 65ms (Views: 39.4ms | ActiveRecord: 0.0ms | Allocations: 2636)


  [1m[35m (0.8ms)[0m  [1m[34mSELECT sqlite_version(*)[0m
  [1m[35m (1.4ms)[0m  [1m[35mCREATE TABLE "schema_migrations" ("version" varchar NOT NULL PRIMARY KEY)[0m
  [1m[35m (1.4ms)[0m  [1m[35mCREATE TABLE "ar_internal_metadata" ("key" varchar NOT NULL PRIMARY KEY, "value" varchar, "created_at" datetime(6) NOT NULL, "updated_at" datetime(6) NOT NULL)[0m
  [1m[35m (0.2ms)[0m  [1m[34mSELECT "schema_migrations"."version" FROM "schema_migrations" ORDER BY "schema_migrations"."version" ASC[0m
Migrating to CreateDogs (20200515200907)
  [1m[35m (0.1ms)[0m  [1m[36mbegin transaction[0m
  [1m[35m (0.7ms)[0m  [1m[35mCREATE TABLE "dogs" ("id" integer PRIMARY KEY AUTOINCREMENT NOT NULL, "name" varchar, "breed" varchar, "age" integer, "created_at" datetime(6) NOT NULL, "updated_at" datetime(6) NOT NULL)[0m
  [1m[36mprimary::SchemaMigration Create (0.7ms)[0m  [1m[32mINSERT INTO "schema_migrations" ("version") VALUES (?)[0m  [["version", "20200515200907"]]
  [1m[35m (1.3ms)[0m  [1m[36mcommit transaction[0m
  [1m[36mActiveRecord::InternalMetadata Load (0.2ms)[0m  [1m[34mSELECT "ar_internal_metadata".* FROM "ar_internal_metadata" WHERE "ar_internal_metadata"."key" = ? LIMIT ?[0m  [["key", "environment"], ["LIMIT", 1]]
  [1m[35m (0.1ms)[0m  [1m[36mbegin transaction[0m
  [1m[36mActiveRecord::InternalMetadata Create (0.3ms)[0m  [1m[32mINSERT INTO "ar_internal_metadata" ("key", "value", "created_at", "updated_at") VALUES (?, ?, ?, ?)[0m  [["key", "environment"], ["value", "development"], ["created_at", "2020-05-15 20:10:27.089965"], ["updated_at", "2020-05-15 20:10:27.089965"]]
  [1m[35m (1.4ms)[0m  [1m[36mcommit transaction[0m
  [1m[35m (0.1ms)[0m  [1m[34mSELECT sqlite_version(*)[0m
  [1m[35m (0.1ms)[0m  [1m[34mSELECT "schema_migrations"."version" FROM "schema_migrations" ORDER BY "schema_migrations"."version" ASC[0m
Started GET "/dogs" for ::1 at 2020-05-15 15:17:19 -0500
  [1m[35m (1.3ms)[0m  [1m[34mSELECT sqlite_version(*)[0m
  [1m[35m (0.8ms)[0m  [1m[34mSELECT "schema_migrations"."version" FROM "schema_migrations" ORDER BY "schema_migrations"."version" ASC[0m
Processing by DogsController#index as HTML
  Rendering dogs/index.html.erb within layouts/application
  Rendered dogs/index.html.erb within layouts/application (Duration: 5.3ms | Allocations: 206)
Completed 200 OK in 244ms (Views: 237.8ms | ActiveRecord: 0.0ms | Allocations: 16097)


Started GET "/dogs" for ::1 at 2020-05-15 15:25:58 -0500
  [1m[35m (15.6ms)[0m  [1m[34mSELECT sqlite_version(*)[0m
  [1m[35m (0.8ms)[0m  [1m[34mSELECT "schema_migrations"."version" FROM "schema_migrations" ORDER BY "schema_migrations"."version" ASC[0m
Processing by DogsController#index as HTML
  Rendering dogs/index.html.erb within layouts/application
  [1m[36mDog Load (1.2ms)[0m  [1m[34mSELECT "dogs".* FROM "dogs"[0m
  ↳ app/views/dogs/index.html.erb:1
  Rendered dogs/index.html.erb within layouts/application (Duration: 22.3ms | Allocations: 1252)
Completed 200 OK in 156ms (Views: 127.4ms | ActiveRecord: 1.6ms | Allocations: 7108)


Started GET "/dogs" for ::1 at 2020-05-15 15:26:03 -0500
Processing by DogsController#index as HTML
  Rendering dogs/index.html.erb within layouts/application
  [1m[36mDog Load (0.2ms)[0m  [1m[34mSELECT "dogs".* FROM "dogs"[0m
  ↳ app/views/dogs/index.html.erb:1
  Rendered dogs/index.html.erb within layouts/application (Duration: 1.3ms | Allocations: 607)
Completed 200 OK in 6ms (Views: 5.0ms | ActiveRecord: 0.2ms | Allocations: 2409)


  [1m[35m (1.0ms)[0m  [1m[34mSELECT sqlite_version(*)[0m
  [1m[35m (0.6ms)[0m  [1m[34mSELECT "schema_migrations"."version" FROM "schema_migrations" ORDER BY "schema_migrations"."version" ASC[0m
  [1m[35m (0.1ms)[0m  [1m[34mSELECT sqlite_version(*)[0m
  [1m[36mDog Load (0.4ms)[0m  [1m[34mSELECT "dogs".* FROM "dogs"[0m
  [1m[35m (0.1ms)[0m  [1m[36mbegin transaction[0m
  [1m[36mDog Create (0.9ms)[0m  [1m[32mINSERT INTO "dogs" ("name", "breed", "age", "created_at", "updated_at") VALUES (?, ?, ?, ?, ?)[0m  [["name", "richi"], ["breed", "pug"], ["age", 9], ["created_at", "2020-05-15 20:31:08.032520"], ["updated_at", "2020-05-15 20:31:08.032520"]]
  [1m[35m (1.2ms)[0m  [1m[36mcommit transaction[0m
  [1m[35m (0.0ms)[0m  [1m[36mbegin transaction[0m
  [1m[36mDog Create (0.6ms)[0m  [1m[32mINSERT INTO "dogs" ("name", "breed", "age", "created_at", "updated_at") VALUES (?, ?, ?, ?, ?)[0m  [["name", "Roxy"], ["breed", "chihuahua"], ["age", 8], ["created_at", "2020-05-15 20:31:08.046047"], ["updated_at", "2020-05-15 20:31:08.046047"]]
  [1m[35m (0.8ms)[0m  [1m[36mcommit transaction[0m
  [1m[35m (0.0ms)[0m  [1m[36mbegin transaction[0m
  [1m[36mDog Create (0.3ms)[0m  [1m[32mINSERT INTO "dogs" ("name", "breed", "age", "created_at", "updated_at") VALUES (?, ?, ?, ?, ?)[0m  [["name", "Charlie"], ["breed", "Terrier"], ["age", 7], ["created_at", "2020-05-15 20:31:08.055935"], ["updated_at", "2020-05-15 20:31:08.055935"]]
  [1m[35m (1.1ms)[0m  [1m[36mcommit transaction[0m
  [1m[35m (0.1ms)[0m  [1m[36mbegin transaction[0m
  [1m[36mDog Create (0.4ms)[0m  [1m[32mINSERT INTO "dogs" ("name", "breed", "age", "created_at", "updated_at") VALUES (?, ?, ?, ?, ?)[0m  [["name", "Gabe"], ["breed", "Pomareien"], ["age", 4], ["created_at", "2020-05-15 20:31:08.061706"], ["updated_at", "2020-05-15 20:31:08.061706"]]
  [1m[35m (1.7ms)[0m  [1m[36mcommit transaction[0m
  [1m[35m (0.0ms)[0m  [1m[36mbegin transaction[0m
  [1m[36mDog Create (0.6ms)[0m  [1m[32mINSERT INTO "dogs" ("name", "breed", "age", "created_at", "updated_at") VALUES (?, ?, ?, ?, ?)[0m  [["name", "Dogger"], ["breed", "Corgi"], ["age", 8], ["created_at", "2020-05-15 20:31:08.074187"], ["updated_at", "2020-05-15 20:31:08.074187"]]
  [1m[35m (1.1ms)[0m  [1m[36mcommit transaction[0m
  [1m[35m (0.7ms)[0m  [1m[34mSELECT sqlite_version(*)[0m
  [1m[36mDog Load (0.2ms)[0m  [1m[34mSELECT "dogs".* FROM "dogs" LIMIT ?[0m  [["LIMIT", 11]]
Started GET "/dogs" for ::1 at 2020-05-15 15:31:35 -0500
  [1m[35m (1.6ms)[0m  [1m[34mSELECT sqlite_version(*)[0m
  [1m[35m (0.3ms)[0m  [1m[34mSELECT "schema_migrations"."version" FROM "schema_migrations" ORDER BY "schema_migrations"."version" ASC[0m
Processing by DogsController#index as HTML
  Rendering dogs/index.html.erb within layouts/application
  [1m[36mDog Load (8.1ms)[0m  [1m[34mSELECT "dogs".* FROM "dogs"[0m
  ↳ app/views/dogs/index.html.erb:2
  Rendered dogs/index.html.erb within layouts/application (Duration: 97.1ms | Allocations: 5279)
Completed 200 OK in 252ms (Views: 185.9ms | ActiveRecord: 14.7ms | Allocations: 11053)


Started GET "/dogs/3" for ::1 at 2020-05-15 15:44:44 -0500
  [1m[35m (0.1ms)[0m  [1m[34mSELECT sqlite_version(*)[0m
Processing by DogsController#show as HTML
  Parameters: {"id"=>"3"}
Completed 500 Internal Server Error in 20239ms (ActiveRecord: 0.0ms | Allocations: 60498)


  
SystemExit (exit):
  
(byebug):1:in `exit'
(byebug):1:in `show'
app/controllers/dogs_controller.rb:10:in `show'
Started GET "/dogs/3" for ::1 at 2020-05-15 15:45:42 -0500
  [1m[35m (1.0ms)[0m  [1m[34mSELECT sqlite_version(*)[0m
Processing by DogsController#show as HTML
  Parameters: {"id"=>"3"}
Completed 500 Internal Server Error in 5974ms (ActiveRecord: 0.0ms | Allocations: 104401)


  
SystemExit (exit):
  
(byebug):1:in `exit'
(byebug):1:in `show'
app/controllers/dogs_controller.rb:10:in `show'
Started GET "/dogs/3" for ::1 at 2020-05-15 15:46:01 -0500
  [1m[35m (13.1ms)[0m  [1m[34mSELECT sqlite_version(*)[0m
Processing by DogsController#show as HTML
  Parameters: {"id"=>"3"}
Completed 406 Not Acceptable in 6209ms (ActiveRecord: 0.0ms | Allocations: 143338)


  
ActionController::MissingExactTemplate (DogsController#show is missing a template for request formats: text/html):
  
actionpack (6.0.3) lib/action_controller/metal/implicit_render.rb:45:in `default_render'
actionpack (6.0.3) lib/action_controller/metal/basic_implicit_render.rb:6:in `block in send_action'
actionpack (6.0.3) lib/action_controller/metal/basic_implicit_render.rb:6:in `tap'
actionpack (6.0.3) lib/action_controller/metal/basic_implicit_render.rb:6:in `send_action'
actionpack (6.0.3) lib/abstract_controller/base.rb:195:in `process_action'
actionpack (6.0.3) lib/action_controller/metal/rendering.rb:30:in `process_action'
actionpack (6.0.3) lib/abstract_controller/callbacks.rb:42:in `block in process_action'
activesupport (6.0.3) lib/active_support/callbacks.rb:135:in `run_callbacks'
actionpack (6.0.3) lib/abstract_controller/callbacks.rb:41:in `process_action'
actionpack (6.0.3) lib/action_controller/metal/rescue.rb:22:in `process_action'
actionpack (6.0.3) lib/action_controller/metal/instrumentation.rb:33:in `block in process_action'
activesupport (6.0.3) lib/active_support/notifications.rb:180:in `block in instrument'
activesupport (6.0.3) lib/active_support/notifications/instrumenter.rb:24:in `instrument'
activesupport (6.0.3) lib/active_support/notifications.rb:180:in `instrument'
actionpack (6.0.3) lib/action_controller/metal/instrumentation.rb:32:in `process_action'
actionpack (6.0.3) lib/action_controller/metal/params_wrapper.rb:245:in `process_action'
activerecord (6.0.3) lib/active_record/railties/controller_runtime.rb:27:in `process_action'
actionpack (6.0.3) lib/abstract_controller/base.rb:136:in `process'
actionview (6.0.3) lib/action_view/rendering.rb:39:in `process'
actionpack (6.0.3) lib/action_controller/metal.rb:190:in `dispatch'
actionpack (6.0.3) lib/action_controller/metal.rb:254:in `dispatch'
actionpack (6.0.3) lib/action_dispatch/routing/route_set.rb:50:in `dispatch'
actionpack (6.0.3) lib/action_dispatch/routing/route_set.rb:33:in `serve'
actionpack (6.0.3) lib/action_dispatch/journey/router.rb:49:in `block in serve'
actionpack (6.0.3) lib/action_dispatch/journey/router.rb:32:in `each'
actionpack (6.0.3) lib/action_dispatch/journey/router.rb:32:in `serve'
actionpack (6.0.3) lib/action_dispatch/routing/route_set.rb:834:in `call'
rack (2.2.2) lib/rack/tempfile_reaper.rb:15:in `call'
rack (2.2.2) lib/rack/etag.rb:27:in `call'
rack (2.2.2) lib/rack/conditional_get.rb:27:in `call'
rack (2.2.2) lib/rack/head.rb:12:in `call'
actionpack (6.0.3) lib/action_dispatch/http/content_security_policy.rb:18:in `call'
rack (2.2.2) lib/rack/session/abstract/id.rb:266:in `context'
rack (2.2.2) lib/rack/session/abstract/id.rb:260:in `call'
actionpack (6.0.3) lib/action_dispatch/middleware/cookies.rb:648:in `call'
activerecord (6.0.3) lib/active_record/migration.rb:567:in `call'
actionpack (6.0.3) lib/action_dispatch/middleware/callbacks.rb:27:in `block in call'
activesupport (6.0.3) lib/active_support/callbacks.rb:101:in `run_callbacks'
actionpack (6.0.3) lib/action_dispatch/middleware/callbacks.rb:26:in `call'
actionpack (6.0.3) lib/action_dispatch/middleware/executor.rb:14:in `call'
actionpack (6.0.3) lib/action_dispatch/middleware/actionable_exceptions.rb:17:in `call'
actionpack (6.0.3) lib/action_dispatch/middleware/debug_exceptions.rb:32:in `call'
web-console (4.0.2) lib/web_console/middleware.rb:132:in `call_app'
web-console (4.0.2) lib/web_console/middleware.rb:28:in `block in call'
web-console (4.0.2) lib/web_console/middleware.rb:17:in `catch'
web-console (4.0.2) lib/web_console/middleware.rb:17:in `call'
actionpack (6.0.3) lib/action_dispatch/middleware/show_exceptions.rb:33:in `call'
railties (6.0.3) lib/rails/rack/logger.rb:37:in `call_app'
railties (6.0.3) lib/rails/rack/logger.rb:26:in `block in call'
activesupport (6.0.3) lib/active_support/tagged_logging.rb:80:in `block in tagged'
activesupport (6.0.3) lib/active_support/tagged_logging.rb:28:in `tagged'
activesupport (6.0.3) lib/active_support/tagged_logging.rb:80:in `tagged'
railties (6.0.3) lib/rails/rack/logger.rb:26:in `call'
sprockets-rails (3.2.1) lib/sprockets/rails/quiet_assets.rb:13:in `call'
actionpack (6.0.3) lib/action_dispatch/middleware/remote_ip.rb:81:in `call'
actionpack (6.0.3) lib/action_dispatch/middleware/request_id.rb:27:in `call'
rack (2.2.2) lib/rack/method_override.rb:24:in `call'
rack (2.2.2) lib/rack/runtime.rb:22:in `call'
activesupport (6.0.3) lib/active_support/cache/strategy/local_cache_middleware.rb:29:in `call'
actionpack (6.0.3) lib/action_dispatch/middleware/executor.rb:14:in `call'
actionpack (6.0.3) lib/action_dispatch/middleware/static.rb:126:in `call'
rack (2.2.2) lib/rack/sendfile.rb:110:in `call'
actionpack (6.0.3) lib/action_dispatch/middleware/host_authorization.rb:82:in `call'
railties (6.0.3) lib/rails/engine.rb:527:in `call'
puma (4.3.3) lib/puma/configuration.rb:228:in `call'
puma (4.3.3) lib/puma/server.rb:682:in `handle_request'
puma (4.3.3) lib/puma/server.rb:472:in `process_client'
puma (4.3.3) lib/puma/server.rb:328:in `block in run'
puma (4.3.3) lib/puma/thread_pool.rb:134:in `block in spawn_thread'
Started GET "/dogs/3" for ::1 at 2020-05-15 15:46:53 -0500
  [1m[35m (0.1ms)[0m  [1m[34mSELECT sqlite_version(*)[0m
Processing by DogsController#show as HTML
  Parameters: {"id"=>"3"}
  [1m[36mDog Load (0.7ms)[0m  [1m[34mSELECT "dogs".* FROM "dogs" WHERE "dogs"."id" = ? LIMIT ?[0m  [["id", 3], ["LIMIT", 1]]
  ↳ (byebug):1:in `show'
Completed 500 Internal Server Error in 87487ms (ActiveRecord: 2.2ms | Allocations: 24324)


  
SystemExit (exit):
  
(byebug):1:in `exit'
(byebug):1:in `show'
app/controllers/dogs_controller.rb:11:in `show'
Started GET "/dogs/3" for ::1 at 2020-05-15 15:49:47 -0500
  [1m[35m (7.4ms)[0m  [1m[34mSELECT sqlite_version(*)[0m
Processing by DogsController#show as HTML
  Parameters: {"id"=>"3"}
  [1m[36mDog Load (4.2ms)[0m  [1m[34mSELECT "dogs".* FROM "dogs" WHERE "dogs"."id" = ? LIMIT ?[0m  [["id", 3], ["LIMIT", 1]]
  ↳ app/controllers/dogs_controller.rb:11:in `show'
  Rendering dogs/show.html.erb within layouts/application
  Rendered dogs/show.html.erb within layouts/application (Duration: 15.1ms | Allocations: 44089)
Completed 200 OK in 867ms (Views: 252.0ms | ActiveRecord: 32.0ms | Allocations: 2273379)


