  [1m[35m (6.9ms)[0m  [1m[35mCREATE TABLE "schema_migrations" ("version" varchar NOT NULL PRIMARY KEY)[0m
  [1m[35m (2.6ms)[0m  [1m[35mCREATE TABLE "ar_internal_metadata" ("key" varchar NOT NULL PRIMARY KEY, "value" varchar, "created_at" datetime NOT NULL, "updated_at" datetime NOT NULL)[0m
  [1m[36mActiveRecord::SchemaMigration Load (0.1ms)[0m  [1m[34mSELECT "schema_migrations".* FROM "schema_migrations"[0m
Migrating to CreateStudents (20200521201150)
  [1m[35m (0.1ms)[0m  [1m[36mbegin transaction[0m
  [1m[35m (0.4ms)[0m  [1m[35mCREATE TABLE "students" ("id" INTEGER PRIMARY KEY AUTOINCREMENT NOT NULL, "name" varchar, "age" integer, "major" varchar, "instructor_id" integer, "created_at" datetime NOT NULL, "updated_at" datetime NOT NULL)[0m
  [1m[35mSQL (0.2ms)[0m  [1m[32mINSERT INTO "schema_migrations" ("version") VALUES (?)[0m  [["version", "20200521201150"]]
  [1m[35m (1.1ms)[0m  [1m[36mcommit transaction[0m
Migrating to CreateInstructors (20200521201313)
  [1m[35m (0.0ms)[0m  [1m[36mbegin transaction[0m
  [1m[35m (0.5ms)[0m  [1m[35mCREATE TABLE "instructors" ("id" INTEGER PRIMARY KEY AUTOINCREMENT NOT NULL, "name" varchar, "created_at" datetime NOT NULL, "updated_at" datetime NOT NULL)[0m
  [1m[35mSQL (0.1ms)[0m  [1m[32mINSERT INTO "schema_migrations" ("version") VALUES (?)[0m  [["version", "20200521201313"]]
  [1m[35m (0.8ms)[0m  [1m[36mcommit transaction[0m
  [1m[36mActiveRecord::InternalMetadata Load (0.1ms)[0m  [1m[34mSELECT  "ar_internal_metadata".* FROM "ar_internal_metadata" WHERE "ar_internal_metadata"."key" = ? LIMIT ?[0m  [["key", "environment"], ["LIMIT", 1]]
  [1m[35m (0.0ms)[0m  [1m[36mbegin transaction[0m
  [1m[35mSQL (0.3ms)[0m  [1m[32mINSERT INTO "ar_internal_metadata" ("key", "value", "created_at", "updated_at") VALUES (?, ?, ?, ?)[0m  [["key", "environment"], ["value", "development"], ["created_at", "2020-05-21 20:14:30.056602"], ["updated_at", "2020-05-21 20:14:30.056602"]]
  [1m[35m (0.7ms)[0m  [1m[36mcommit transaction[0m
  [1m[36mActiveRecord::SchemaMigration Load (0.1ms)[0m  [1m[34mSELECT "schema_migrations".* FROM "schema_migrations"[0m
  [1m[36mActiveRecord::SchemaMigration Load (0.5ms)[0m  [1m[34mSELECT "schema_migrations".* FROM "schema_migrations"[0m
  [1m[36mInstructor Load (0.6ms)[0m  [1m[34mSELECT "instructors".* FROM "instructors"[0m
  [1m[36mStudent Load (0.4ms)[0m  [1m[34mSELECT "students".* FROM "students"[0m
  [1m[35m (0.0ms)[0m  [1m[36mbegin transaction[0m
  [1m[35mSQL (1.2ms)[0m  [1m[32mINSERT INTO "instructors" ("name", "created_at", "updated_at") VALUES (?, ?, ?)[0m  [["name", "Vidhi"], ["created_at", "2020-05-21 20:36:16.765365"], ["updated_at", "2020-05-21 20:36:16.765365"]]
  [1m[35m (1.4ms)[0m  [1m[36mcommit transaction[0m
  [1m[35m (0.1ms)[0m  [1m[36mbegin transaction[0m
  [1m[35mSQL (0.4ms)[0m  [1m[32mINSERT INTO "instructors" ("name", "created_at", "updated_at") VALUES (?, ?, ?)[0m  [["name", "Raul"], ["created_at", "2020-05-21 20:36:16.771445"], ["updated_at", "2020-05-21 20:36:16.771445"]]
  [1m[35m (1.4ms)[0m  [1m[36mcommit transaction[0m
  [1m[35m (0.0ms)[0m  [1m[36mbegin transaction[0m
  [1m[35mSQL (0.3ms)[0m  [1m[32mINSERT INTO "instructors" ("name", "created_at", "updated_at") VALUES (?, ?, ?)[0m  [["name", "Steven"], ["created_at", "2020-05-21 20:36:16.774439"], ["updated_at", "2020-05-21 20:36:16.774439"]]
  [1m[35m (1.2ms)[0m  [1m[36mcommit transaction[0m
  [1m[35m (0.1ms)[0m  [1m[36mbegin transaction[0m
  [1m[35mSQL (0.4ms)[0m  [1m[32mINSERT INTO "students" ("name", "age", "major", "instructor_id", "created_at", "updated_at") VALUES (?, ?, ?, ?, ?, ?)[0m  [["name", "Richard"], ["age", 28], ["major", "SE"], ["instructor_id", 1], ["created_at", "2020-05-21 20:36:16.793417"], ["updated_at", "2020-05-21 20:36:16.793417"]]
  [1m[35m (0.7ms)[0m  [1m[36mcommit transaction[0m
  [1m[35m (0.1ms)[0m  [1m[36mbegin transaction[0m
  [1m[35mSQL (0.3ms)[0m  [1m[32mINSERT INTO "students" ("name", "age", "major", "instructor_id", "created_at", "updated_at") VALUES (?, ?, ?, ?, ?, ?)[0m  [["name", "Esther"], ["age", 28], ["major", "SE"], ["instructor_id", 2], ["created_at", "2020-05-21 20:36:16.796433"], ["updated_at", "2020-05-21 20:36:16.796433"]]
  [1m[35m (0.8ms)[0m  [1m[36mcommit transaction[0m
  [1m[35m (0.0ms)[0m  [1m[36mbegin transaction[0m
  [1m[35mSQL (0.3ms)[0m  [1m[32mINSERT INTO "students" ("name", "age", "major", "instructor_id", "created_at", "updated_at") VALUES (?, ?, ?, ?, ?, ?)[0m  [["name", "Lauren"], ["age", 28], ["major", "SE"], ["instructor_id", 3], ["created_at", "2020-05-21 20:36:16.798633"], ["updated_at", "2020-05-21 20:36:16.798633"]]
  [1m[35m (1.3ms)[0m  [1m[36mcommit transaction[0m
  [1m[35m (0.0ms)[0m  [1m[36mbegin transaction[0m
  [1m[35mSQL (0.3ms)[0m  [1m[32mINSERT INTO "students" ("name", "age", "major", "instructor_id", "created_at", "updated_at") VALUES (?, ?, ?, ?, ?, ?)[0m  [["name", "Freedy"], ["age", 28], ["major", "SE"], ["instructor_id", 1], ["created_at", "2020-05-21 20:36:16.801498"], ["updated_at", "2020-05-21 20:36:16.801498"]]
  [1m[35m (0.8ms)[0m  [1m[36mcommit transaction[0m
  [1m[35m (0.0ms)[0m  [1m[36mbegin transaction[0m
  [1m[35mSQL (0.3ms)[0m  [1m[32mINSERT INTO "students" ("name", "age", "major", "instructor_id", "created_at", "updated_at") VALUES (?, ?, ?, ?, ?, ?)[0m  [["name", "Cole"], ["age", 28], ["major", "SE"], ["instructor_id", 3], ["created_at", "2020-05-21 20:36:16.803558"], ["updated_at", "2020-05-21 20:36:16.803558"]]
  [1m[35m (1.3ms)[0m  [1m[36mcommit transaction[0m
  [1m[35m (0.0ms)[0m  [1m[36mbegin transaction[0m
  [1m[35mSQL (0.2ms)[0m  [1m[32mINSERT INTO "students" ("name", "age", "major", "instructor_id", "created_at", "updated_at") VALUES (?, ?, ?, ?, ?, ?)[0m  [["name", "Phyllis"], ["age", 28], ["major", "SE"], ["instructor_id", 2], ["created_at", "2020-05-21 20:36:16.806238"], ["updated_at", "2020-05-21 20:36:16.806238"]]
  [1m[35m (1.2ms)[0m  [1m[36mcommit transaction[0m
  [1m[35m (0.0ms)[0m  [1m[36mbegin transaction[0m
  [1m[35mSQL (0.3ms)[0m  [1m[32mINSERT INTO "students" ("name", "age", "major", "instructor_id", "created_at", "updated_at") VALUES (?, ?, ?, ?, ?, ?)[0m  [["name", "Stephanie"], ["age", 28], ["major", "SE"], ["instructor_id", 1], ["created_at", "2020-05-21 20:36:16.808654"], ["updated_at", "2020-05-21 20:36:16.808654"]]
  [1m[35m (0.8ms)[0m  [1m[36mcommit transaction[0m
  [1m[35m (0.1ms)[0m  [1m[36mbegin transaction[0m
  [1m[35mSQL (0.4ms)[0m  [1m[32mINSERT INTO "students" ("name", "age", "major", "instructor_id", "created_at", "updated_at") VALUES (?, ?, ?, ?, ?, ?)[0m  [["name", "Krysta"], ["age", 28], ["major", "SE"], ["instructor_id", 2], ["created_at", "2020-05-21 20:36:16.810926"], ["updated_at", "2020-05-21 20:36:16.810926"]]
  [1m[35m (1.6ms)[0m  [1m[36mcommit transaction[0m
  [1m[36mStudent Load (3.2ms)[0m  [1m[34mSELECT "students".* FROM "students"[0m
  [1m[36mInstructor Load (0.3ms)[0m  [1m[34mSELECT "instructors".* FROM "instructors"[0m
Started GET "/instructor/1" for ::1 at 2020-05-21 15:46:06 -0500
  [1m[36mActiveRecord::SchemaMigration Load (0.5ms)[0m  [1m[34mSELECT "schema_migrations".* FROM "schema_migrations"[0m
  
ActionController::RoutingError (No route matches [GET] "/instructor/1"):
  
actionpack (5.0.7.2) lib/action_dispatch/middleware/debug_exceptions.rb:53:in `call'
web-console (3.7.0) lib/web_console/middleware.rb:135:in `call_app'
web-console (3.7.0) lib/web_console/middleware.rb:30:in `block in call'
web-console (3.7.0) lib/web_console/middleware.rb:20:in `catch'
web-console (3.7.0) lib/web_console/middleware.rb:20:in `call'
actionpack (5.0.7.2) lib/action_dispatch/middleware/show_exceptions.rb:31:in `call'
railties (5.0.7.2) lib/rails/rack/logger.rb:36:in `call_app'
railties (5.0.7.2) lib/rails/rack/logger.rb:24:in `block in call'
activesupport (5.0.7.2) lib/active_support/tagged_logging.rb:69:in `block in tagged'
activesupport (5.0.7.2) lib/active_support/tagged_logging.rb:26:in `tagged'
activesupport (5.0.7.2) lib/active_support/tagged_logging.rb:69:in `tagged'
railties (5.0.7.2) lib/rails/rack/logger.rb:24:in `call'
sprockets-rails (3.2.1) lib/sprockets/rails/quiet_assets.rb:13:in `call'
actionpack (5.0.7.2) lib/action_dispatch/middleware/request_id.rb:24:in `call'
rack (2.0.7) lib/rack/method_override.rb:22:in `call'
rack (2.0.7) lib/rack/runtime.rb:22:in `call'
activesupport (5.0.7.2) lib/active_support/cache/strategy/local_cache_middleware.rb:28:in `call'
actionpack (5.0.7.2) lib/action_dispatch/middleware/executor.rb:12:in `call'
actionpack (5.0.7.2) lib/action_dispatch/middleware/static.rb:136:in `call'
rack (2.0.7) lib/rack/sendfile.rb:111:in `call'
railties (5.0.7.2) lib/rails/engine.rb:522:in `call'
puma (3.12.1) lib/puma/configuration.rb:227:in `call'
puma (3.12.1) lib/puma/server.rb:660:in `handle_request'
puma (3.12.1) lib/puma/server.rb:474:in `process_client'
puma (3.12.1) lib/puma/server.rb:334:in `block in run'
puma (3.12.1) lib/puma/thread_pool.rb:135:in `block in spawn_thread'
  Rendering /Users/vidhi.sharma/.rvm/gems/ruby-2.6.1/gems/actionpack-5.0.7.2/lib/action_dispatch/middleware/templates/rescues/routing_error.html.erb within rescues/layout
  Rendering /Users/vidhi.sharma/.rvm/gems/ruby-2.6.1/gems/actionpack-5.0.7.2/lib/action_dispatch/middleware/templates/rescues/_trace.html.erb
  Rendered /Users/vidhi.sharma/.rvm/gems/ruby-2.6.1/gems/actionpack-5.0.7.2/lib/action_dispatch/middleware/templates/rescues/_trace.html.erb (4.3ms)
  Rendered collection of /Users/vidhi.sharma/.rvm/gems/ruby-2.6.1/gems/actionpack-5.0.7.2/lib/action_dispatch/middleware/templates/routes/_route.html.erb [1 times] (26.9ms)
  Rendered /Users/vidhi.sharma/.rvm/gems/ruby-2.6.1/gems/actionpack-5.0.7.2/lib/action_dispatch/middleware/templates/routes/_table.html.erb (28.3ms)
  Rendering /Users/vidhi.sharma/.rvm/gems/ruby-2.6.1/gems/actionpack-5.0.7.2/lib/action_dispatch/middleware/templates/rescues/_request_and_response.html.erb
  Rendered /Users/vidhi.sharma/.rvm/gems/ruby-2.6.1/gems/actionpack-5.0.7.2/lib/action_dispatch/middleware/templates/rescues/_request_and_response.html.erb (11.3ms)
  Rendered /Users/vidhi.sharma/.rvm/gems/ruby-2.6.1/gems/actionpack-5.0.7.2/lib/action_dispatch/middleware/templates/rescues/routing_error.html.erb within rescues/layout (158.7ms)
Started GET "/instructors/1" for ::1 at 2020-05-21 15:46:16 -0500
Processing by InstructorsController#show as HTML
  Parameters: {"id"=>"1"}
  [1m[36mInstructor Load (0.6ms)[0m  [1m[34mSELECT  "instructors".* FROM "instructors" WHERE "instructors"."id" = ? LIMIT ?[0m  [["id", 1], ["LIMIT", 1]]
  Rendering instructors/show.html.erb within layouts/application
  Rendered instructors/show.html.erb within layouts/application (0.6ms)
Completed 200 OK in 2759ms (Views: 2736.3ms | ActiveRecord: 1.8ms)


Started GET "/instructors/new" for ::1 at 2020-05-21 15:51:54 -0500
Processing by InstructorsController#new as HTML
  Rendering instructors/new.html.erb within layouts/application
  Rendered instructors/new.html.erb within layouts/application (382.4ms)
Completed 500 Internal Server Error in 417ms (ActiveRecord: 1.4ms)


  
ActionView::Template::Error (undefined method `form_with' for #<#<Class:0x00007fd0190b8998>:0x00007fd013f5f880>
Did you mean?  form_tag):
    1: <%= form_with model:@instructor do |f| %>
    2: 
    3: <%= f.label :name%>
    4: <%= f.text_field :name%>
  
app/views/instructors/new.html.erb:1:in `_app_views_instructors_new_html_erb___3444131470272643026_70265875056760'
  Rendering /Users/vidhi.sharma/.rvm/gems/ruby-2.6.1/gems/actionpack-5.0.7.2/lib/action_dispatch/middleware/templates/rescues/template_error.html.erb within rescues/layout
  Rendering /Users/vidhi.sharma/.rvm/gems/ruby-2.6.1/gems/actionpack-5.0.7.2/lib/action_dispatch/middleware/templates/rescues/_source.html.erb
  Rendered /Users/vidhi.sharma/.rvm/gems/ruby-2.6.1/gems/actionpack-5.0.7.2/lib/action_dispatch/middleware/templates/rescues/_source.html.erb (43.0ms)
  Rendering /Users/vidhi.sharma/.rvm/gems/ruby-2.6.1/gems/actionpack-5.0.7.2/lib/action_dispatch/middleware/templates/rescues/_trace.html.erb
  Rendered /Users/vidhi.sharma/.rvm/gems/ruby-2.6.1/gems/actionpack-5.0.7.2/lib/action_dispatch/middleware/templates/rescues/_trace.html.erb (9.9ms)
  Rendering /Users/vidhi.sharma/.rvm/gems/ruby-2.6.1/gems/actionpack-5.0.7.2/lib/action_dispatch/middleware/templates/rescues/_request_and_response.html.erb
  Rendered /Users/vidhi.sharma/.rvm/gems/ruby-2.6.1/gems/actionpack-5.0.7.2/lib/action_dispatch/middleware/templates/rescues/_request_and_response.html.erb (4.2ms)
  Rendered /Users/vidhi.sharma/.rvm/gems/ruby-2.6.1/gems/actionpack-5.0.7.2/lib/action_dispatch/middleware/templates/rescues/template_error.html.erb within rescues/layout (109.5ms)
Started GET "/instructors/new" for ::1 at 2020-05-21 15:52:53 -0500
Processing by InstructorsController#new as HTML
  Rendering instructors/new.html.erb within layouts/application
  Rendered instructors/new.html.erb within layouts/application (19.1ms)
Completed 200 OK in 56ms (Views: 53.5ms | ActiveRecord: 0.0ms)


DEPRECATION WARNING: Single arity template handlers are deprecated. Template handlers must
now accept two parameters, the view object and the source for the view object.
Change:
  >> Coffee::Rails::TemplateHandler.call(template)
To:
  >> Coffee::Rails::TemplateHandler.call(template, source)
 (called from <top (required)> at /Users/vidhi.sharma/Desktop/group-1/config/environment.rb:5)
DEPRECATION WARNING: Single arity template handlers are deprecated. Template handlers must
now accept two parameters, the view object and the source for the view object.
Change:
  >> Coffee::Rails::TemplateHandler.call(template)
To:
  >> Coffee::Rails::TemplateHandler.call(template, source)
 (called from <top (required)> at /Users/vidhi.sharma/Desktop/group-1/config/environment.rb:5)
Started POST "/instructors" for ::1 at 2020-05-21 15:56:43 -0500
  [1m[36mActiveRecord::SchemaMigration Load (0.5ms)[0m  [1m[34mSELECT "schema_migrations".* FROM "schema_migrations"[0m
Processing by InstructorsController#create as HTML
  Parameters: {"utf8"=>"✓", "authenticity_token"=>"TKTNL13Musnfw7RzTx1lcjjYFlyxPULLM3k30Py/zo7aqb92B+nnaj3W16jgJQwnkOcMDT2cGOW2gKbdIIbSgw==", "instructor"=>{"name"=>"Josh"}, "commit"=>"Create Instructor"}
Completed 500 Internal Server Error in 10917ms (ActiveRecord: 0.0ms)


  
SystemExit (exit):
  
app/controllers/instructors_controller.rb:15:in `create'
  Rendering /Users/vidhi.sharma/.rvm/gems/ruby-2.6.1/gems/actionpack-5.0.7.2/lib/action_dispatch/middleware/templates/rescues/diagnostics.html.erb within rescues/layout
  Rendering /Users/vidhi.sharma/.rvm/gems/ruby-2.6.1/gems/actionpack-5.0.7.2/lib/action_dispatch/middleware/templates/rescues/_source.html.erb
  Rendered /Users/vidhi.sharma/.rvm/gems/ruby-2.6.1/gems/actionpack-5.0.7.2/lib/action_dispatch/middleware/templates/rescues/_source.html.erb (200.8ms)
  Rendering /Users/vidhi.sharma/.rvm/gems/ruby-2.6.1/gems/actionpack-5.0.7.2/lib/action_dispatch/middleware/templates/rescues/_trace.html.erb
  Rendered /Users/vidhi.sharma/.rvm/gems/ruby-2.6.1/gems/actionpack-5.0.7.2/lib/action_dispatch/middleware/templates/rescues/_trace.html.erb (42.5ms)
  Rendering /Users/vidhi.sharma/.rvm/gems/ruby-2.6.1/gems/actionpack-5.0.7.2/lib/action_dispatch/middleware/templates/rescues/_request_and_response.html.erb
  Rendered /Users/vidhi.sharma/.rvm/gems/ruby-2.6.1/gems/actionpack-5.0.7.2/lib/action_dispatch/middleware/templates/rescues/_request_and_response.html.erb (5.0ms)
  Rendered /Users/vidhi.sharma/.rvm/gems/ruby-2.6.1/gems/actionpack-5.0.7.2/lib/action_dispatch/middleware/templates/rescues/diagnostics.html.erb within rescues/layout (304.1ms)
Started GET "/instructors/new" for ::1 at 2020-05-21 15:59:13 -0500
Processing by InstructorsController#new as HTML
  Rendering instructors/new.html.erb within layouts/application
  Rendered instructors/new.html.erb within layouts/application (651.8ms)
Completed 200 OK in 8709ms (Views: 8445.1ms | ActiveRecord: 14.1ms)


Started POST "/instructors" for ::1 at 2020-05-21 15:59:38 -0500
Processing by InstructorsController#create as HTML
  Parameters: {"utf8"=>"✓", "authenticity_token"=>"nvROk2RgDW4nklXyt2eUVGHljJSXsFWRMYM9jKLY45EI+TzKPkVQzcWHNikYX/0BydqWxRsRD7+0eqyBfuH/nA==", "instructor"=>{"name"=>""}, "commit"=>"Create Instructor"}
Redirected to http://localhost:3000/instructors/new
Completed 302 Found in 105ms (ActiveRecord: 0.0ms)


Started GET "/instructors/new" for ::1 at 2020-05-21 15:59:38 -0500
Processing by InstructorsController#new as HTML
  Rendering instructors/new.html.erb within layouts/application
  Rendered instructors/new.html.erb within layouts/application (89.0ms)
Completed 200 OK in 1335ms (Views: 1275.2ms | ActiveRecord: 0.0ms)


Started POST "/instructors" for ::1 at 2020-05-21 15:59:46 -0500
Processing by InstructorsController#create as HTML
  Parameters: {"utf8"=>"✓", "authenticity_token"=>"u+aL5QKhroy4DuHzt1uv7wGS59Vp4dm3K1Lu3G2ETUAt6/m8WITzL1obgigYY8a6qa39hOVAg5muq3/Rsb1RTQ==", "instructor"=>{"name"=>"Josh"}, "commit"=>"Create Instructor"}
  [1m[35m (4.2ms)[0m  [1m[36mbegin transaction[0m
  [1m[35mSQL (4.2ms)[0m  [1m[32mINSERT INTO "instructors" ("name", "created_at", "updated_at") VALUES (?, ?, ?)[0m  [["name", "Josh"], ["created_at", "2020-05-21 20:59:46.613422"], ["updated_at", "2020-05-21 20:59:46.613422"]]
  [1m[35m (7.1ms)[0m  [1m[36mcommit transaction[0m
Redirected to http://localhost:3000/instructors/4
Completed 302 Found in 285ms (ActiveRecord: 15.5ms)


Started GET "/instructors/4" for ::1 at 2020-05-21 15:59:46 -0500
Processing by InstructorsController#show as HTML
  Parameters: {"id"=>"4"}
  [1m[36mInstructor Load (1.4ms)[0m  [1m[34mSELECT  "instructors".* FROM "instructors" WHERE "instructors"."id" = ? LIMIT ?[0m  [["id", 4], ["LIMIT", 1]]
  Rendering instructors/show.html.erb within layouts/application
  Rendered instructors/show.html.erb within layouts/application (41.8ms)
Completed 200 OK in 1583ms (Views: 1471.0ms | ActiveRecord: 1.4ms)


Started GET "/instructors/4/edit" for ::1 at 2020-05-21 16:03:13 -0500
Processing by InstructorsController#edit as HTML
  Parameters: {"id"=>"4"}
  [1m[36mInstructor Load (2.6ms)[0m  [1m[34mSELECT  "instructors".* FROM "instructors" WHERE "instructors"."id" = ? LIMIT ?[0m  [["id", 4], ["LIMIT", 1]]
  Rendering instructors/edit.html.erb within layouts/application
  Rendered instructors/edit.html.erb within layouts/application (163.2ms)
Completed 200 OK in 2202ms (Views: 1675.6ms | ActiveRecord: 54.1ms)


Started PATCH "/instructors/4" for ::1 at 2020-05-21 16:04:27 -0500
Processing by InstructorsController#update as HTML
  Parameters: {"utf8"=>"✓", "authenticity_token"=>"tHeIgg8EFGW6blJKBt+4jfZ0ZdiG2MAb7syzGEu5ibMievrbVSFJxlh7MZGp59HYXkt/iQp5mjVrNSIVl4CVvg==", "instructor"=>{"name"=>"Joshua"}, "commit"=>"Update Instructor", "id"=>"4"}
  [1m[36mInstructor Load (5.3ms)[0m  [1m[34mSELECT  "instructors".* FROM "instructors" WHERE "instructors"."id" = ? LIMIT ?[0m  [["id", 4], ["LIMIT", 1]]
Completed 500 Internal Server Error in 133303ms (ActiveRecord: 5.3ms)


  
SystemExit (exit):
  
app/controllers/instructors_controller.rb:31:in `update'
  Rendering /Users/vidhi.sharma/.rvm/gems/ruby-2.6.1/gems/actionpack-5.0.7.2/lib/action_dispatch/middleware/templates/rescues/diagnostics.html.erb within rescues/layout
  Rendering /Users/vidhi.sharma/.rvm/gems/ruby-2.6.1/gems/actionpack-5.0.7.2/lib/action_dispatch/middleware/templates/rescues/_source.html.erb
  Rendered /Users/vidhi.sharma/.rvm/gems/ruby-2.6.1/gems/actionpack-5.0.7.2/lib/action_dispatch/middleware/templates/rescues/_source.html.erb (903.3ms)
  Rendering /Users/vidhi.sharma/.rvm/gems/ruby-2.6.1/gems/actionpack-5.0.7.2/lib/action_dispatch/middleware/templates/rescues/_trace.html.erb
  Rendered /Users/vidhi.sharma/.rvm/gems/ruby-2.6.1/gems/actionpack-5.0.7.2/lib/action_dispatch/middleware/templates/rescues/_trace.html.erb (330.0ms)
Started GET "/instructors/4/edit" for ::1 at 2020-05-21 16:06:49 -0500
  Rendering /Users/vidhi.sharma/.rvm/gems/ruby-2.6.1/gems/actionpack-5.0.7.2/lib/action_dispatch/middleware/templates/rescues/_request_and_response.html.erb
  Rendered /Users/vidhi.sharma/.rvm/gems/ruby-2.6.1/gems/actionpack-5.0.7.2/lib/action_dispatch/middleware/templates/rescues/_request_and_response.html.erb (144.9ms)
  Rendered /Users/vidhi.sharma/.rvm/gems/ruby-2.6.1/gems/actionpack-5.0.7.2/lib/action_dispatch/middleware/templates/rescues/diagnostics.html.erb within rescues/layout (1557.0ms)
Processing by InstructorsController#edit as HTML
  Parameters: {"id"=>"4"}
  [1m[36mInstructor Load (1.4ms)[0m  [1m[34mSELECT  "instructors".* FROM "instructors" WHERE "instructors"."id" = ? LIMIT ?[0m  [["id", 4], ["LIMIT", 1]]
  Rendering instructors/edit.html.erb within layouts/application
  Rendered instructors/edit.html.erb within layouts/application (125.7ms)
Completed 200 OK in 1781ms (Views: 1394.4ms | ActiveRecord: 10.4ms)


Started PATCH "/instructors/4" for ::1 at 2020-05-21 16:07:40 -0500
Processing by InstructorsController#update as HTML
  Parameters: {"utf8"=>"✓", "authenticity_token"=>"5+quIzNvy2f4OLqyyQwFwYYYPANscheOiMY5TShlDGZx59x6aUqWxBot2WlmNGyULicmUuDTTaANP6hA9FwQaw==", "instructor"=>{"name"=>""}, "commit"=>"Update Instructor", "id"=>"4"}
  [1m[36mInstructor Load (1.6ms)[0m  [1m[34mSELECT  "instructors".* FROM "instructors" WHERE "instructors"."id" = ? LIMIT ?[0m  [["id", 4], ["LIMIT", 1]]
  [1m[35m (20.6ms)[0m  [1m[36mbegin transaction[0m
  [1m[35m (1.7ms)[0m  [1m[31mrollback transaction[0m
Redirected to http://localhost:3000/instructors/4
Completed 302 Found in 288ms (ActiveRecord: 23.8ms)


Started GET "/instructors/4" for ::1 at 2020-05-21 16:07:40 -0500
Processing by InstructorsController#show as HTML
  Parameters: {"id"=>"4"}
  [1m[36mInstructor Load (1.2ms)[0m  [1m[34mSELECT  "instructors".* FROM "instructors" WHERE "instructors"."id" = ? LIMIT ?[0m  [["id", 4], ["LIMIT", 1]]
  Rendering instructors/show.html.erb within layouts/application
  Rendered instructors/show.html.erb within layouts/application (21.9ms)
Completed 200 OK in 1384ms (Views: 1318.8ms | ActiveRecord: 1.2ms)


Started GET "/instructors/4" for ::1 at 2020-05-21 16:07:47 -0500
Processing by InstructorsController#show as HTML
  Parameters: {"id"=>"4"}
  [1m[36mInstructor Load (2.0ms)[0m  [1m[34mSELECT  "instructors".* FROM "instructors" WHERE "instructors"."id" = ? LIMIT ?[0m  [["id", 4], ["LIMIT", 1]]
  Rendering instructors/show.html.erb within layouts/application
  Rendered instructors/show.html.erb within layouts/application (3.5ms)
Completed 200 OK in 1460ms (Views: 1396.3ms | ActiveRecord: 2.0ms)


Started GET "/instructors/4/edit" for ::1 at 2020-05-21 16:10:23 -0500
Processing by InstructorsController#edit as HTML
  Parameters: {"id"=>"4"}
  [1m[36mInstructor Load (3.3ms)[0m  [1m[34mSELECT  "instructors".* FROM "instructors" WHERE "instructors"."id" = ? LIMIT ?[0m  [["id", 4], ["LIMIT", 1]]
  Rendering instructors/edit.html.erb within layouts/application
  Rendered instructors/edit.html.erb within layouts/application (267.5ms)
Completed 200 OK in 2249ms (Views: 1891.1ms | ActiveRecord: 8.7ms)


Started PATCH "/instructors/4" for ::1 at 2020-05-21 16:10:33 -0500
Processing by InstructorsController#update as HTML
  Parameters: {"utf8"=>"✓", "authenticity_token"=>"Vp+NL8Xe824/YBXfJpWg5iMaSIyynMLw2evbSmhPjDPAkv92n/uuzd11dgSJrcmziyVS3T49mN5cEkpHtHaQPg==", "instructor"=>{"name"=>""}, "commit"=>"Update Instructor", "id"=>"4"}
  [1m[36mInstructor Load (0.8ms)[0m  [1m[34mSELECT  "instructors".* FROM "instructors" WHERE "instructors"."id" = ? LIMIT ?[0m  [["id", 4], ["LIMIT", 1]]
  [1m[35m (8.5ms)[0m  [1m[36mbegin transaction[0m
  [1m[35m (1.1ms)[0m  [1m[31mrollback transaction[0m
Redirected to http://localhost:3000/instructors/4/edit
Completed 302 Found in 245ms (ActiveRecord: 10.4ms)


Started GET "/instructors/4/edit" for ::1 at 2020-05-21 16:10:34 -0500
Processing by InstructorsController#edit as HTML
  Parameters: {"id"=>"4"}
  [1m[36mInstructor Load (19.3ms)[0m  [1m[34mSELECT  "instructors".* FROM "instructors" WHERE "instructors"."id" = ? LIMIT ?[0m  [["id", 4], ["LIMIT", 1]]
  Rendering instructors/edit.html.erb within layouts/application
  Rendered instructors/edit.html.erb within layouts/application (216.7ms)
Completed 200 OK in 1551ms (Views: 1455.9ms | ActiveRecord: 19.3ms)


Started PATCH "/instructors/4" for ::1 at 2020-05-21 16:10:45 -0500
Processing by InstructorsController#update as HTML
  Parameters: {"utf8"=>"✓", "authenticity_token"=>"qRSGGjZiL264y83vL18t+qsC49lGDdNyxypPdWiudq4/GfRDbEdyzVrerjSAZ0SvAz35iMqsiVxC0954tJdqow==", "instructor"=>{"name"=>"Joshua"}, "commit"=>"Update Instructor", "id"=>"4"}
  [1m[36mInstructor Load (0.8ms)[0m  [1m[34mSELECT  "instructors".* FROM "instructors" WHERE "instructors"."id" = ? LIMIT ?[0m  [["id", 4], ["LIMIT", 1]]
  [1m[35m (0.6ms)[0m  [1m[36mbegin transaction[0m
  [1m[35mSQL (2.5ms)[0m  [1m[33mUPDATE "instructors" SET "name" = ?, "updated_at" = ? WHERE "instructors"."id" = ?[0m  [["name", "Joshua"], ["updated_at", "2020-05-21 21:10:45.391249"], ["id", 4]]
  [1m[35m (3.9ms)[0m  [1m[36mcommit transaction[0m
Redirected to http://localhost:3000/instructors/4
Completed 302 Found in 321ms (ActiveRecord: 7.7ms)


Started GET "/instructors/4" for ::1 at 2020-05-21 16:10:45 -0500
Processing by InstructorsController#show as HTML
  Parameters: {"id"=>"4"}
  [1m[36mInstructor Load (1.0ms)[0m  [1m[34mSELECT  "instructors".* FROM "instructors" WHERE "instructors"."id" = ? LIMIT ?[0m  [["id", 4], ["LIMIT", 1]]
  Rendering instructors/show.html.erb within layouts/application
  Rendered instructors/show.html.erb within layouts/application (3.7ms)
Completed 200 OK in 1350ms (Views: 1261.0ms | ActiveRecord: 1.0ms)


Started GET "/instructors/4" for ::1 at 2020-05-21 16:17:03 -0500
Processing by InstructorsController#show as HTML
  Parameters: {"id"=>"4"}
  [1m[36mInstructor Load (1.0ms)[0m  [1m[34mSELECT  "instructors".* FROM "instructors" WHERE "instructors"."id" = ? LIMIT ?[0m  [["id", 4], ["LIMIT", 1]]
  Rendering instructors/show.html.erb within layouts/application
  Rendered instructors/show.html.erb within layouts/application (106.3ms)
Completed 200 OK in 1939ms (Views: 1434.8ms | ActiveRecord: 12.7ms)


Started DELETE "/instructors/4" for ::1 at 2020-05-21 16:17:11 -0500
Processing by InstructorsController#destroy as HTML
  Parameters: {"utf8"=>"✓", "authenticity_token"=>"79OwEnLG6dj+DIVSCOYyj6uIu32fqyls+bljXd8x71F53sJLKOO0exwZ5omn3lvaA7ehLBMKc0J8QPJQAwjzXA==", "commit"=>"Delete Instructor", "id"=>"4"}
  [1m[36mInstructor Load (0.5ms)[0m  [1m[34mSELECT  "instructors".* FROM "instructors" WHERE "instructors"."id" = ? LIMIT ?[0m  [["id", 4], ["LIMIT", 1]]
  [1m[35m (4.1ms)[0m  [1m[36mbegin transaction[0m
  [1m[35mSQL (16.1ms)[0m  [1m[31mDELETE FROM "instructors" WHERE "instructors"."id" = ?[0m  [["id", 4]]
  [1m[35m (1.8ms)[0m  [1m[36mcommit transaction[0m
Completed 500 Internal Server Error in 240ms (ActiveRecord: 22.5ms)


  
ActionView::MissingTemplate (Missing template instructors/Instructor has been destroyed!!!!, application/Instructor has been destroyed!!!! with {:locale=>[:en], :formats=>[:html], :variants=>[], :handlers=>[:raw, :erb, :html, :builder, :ruby, :coffee, :jbuilder]}. Searched in:
  * "/Users/vidhi.sharma/Desktop/group-1/app/views"
):
  
app/controllers/instructors_controller.rb:45:in `destroy'
  Rendering /Users/vidhi.sharma/.rvm/gems/ruby-2.6.1/gems/actionpack-5.0.7.2/lib/action_dispatch/middleware/templates/rescues/missing_template.html.erb within rescues/layout
  Rendering /Users/vidhi.sharma/.rvm/gems/ruby-2.6.1/gems/actionpack-5.0.7.2/lib/action_dispatch/middleware/templates/rescues/_source.html.erb
  Rendered /Users/vidhi.sharma/.rvm/gems/ruby-2.6.1/gems/actionpack-5.0.7.2/lib/action_dispatch/middleware/templates/rescues/_source.html.erb (924.1ms)
  Rendering /Users/vidhi.sharma/.rvm/gems/ruby-2.6.1/gems/actionpack-5.0.7.2/lib/action_dispatch/middleware/templates/rescues/_trace.html.erb
  Rendered /Users/vidhi.sharma/.rvm/gems/ruby-2.6.1/gems/actionpack-5.0.7.2/lib/action_dispatch/middleware/templates/rescues/_trace.html.erb (296.4ms)
  Rendering /Users/vidhi.sharma/.rvm/gems/ruby-2.6.1/gems/actionpack-5.0.7.2/lib/action_dispatch/middleware/templates/rescues/_request_and_response.html.erb
  Rendered /Users/vidhi.sharma/.rvm/gems/ruby-2.6.1/gems/actionpack-5.0.7.2/lib/action_dispatch/middleware/templates/rescues/_request_and_response.html.erb (98.1ms)
  Rendered /Users/vidhi.sharma/.rvm/gems/ruby-2.6.1/gems/actionpack-5.0.7.2/lib/action_dispatch/middleware/templates/rescues/missing_template.html.erb within rescues/layout (1510.1ms)
Started GET "/instructors/new" for ::1 at 2020-05-21 16:18:43 -0500
Processing by InstructorsController#new as HTML
  Rendering instructors/new.html.erb within layouts/application
  Rendered instructors/new.html.erb within layouts/application (143.5ms)
Completed 200 OK in 2009ms (Views: 1624.8ms | ActiveRecord: 8.8ms)


Started POST "/instructors" for ::1 at 2020-05-21 16:18:51 -0500
Processing by InstructorsController#create as HTML
  Parameters: {"utf8"=>"✓", "authenticity_token"=>"b6x8qA6zRvHENRrpN/MAvfDYGs+IqirBLskm1TjY22/5oQ7xVJYbUiYgeTKYy2noWOcAngQLcO+rMLfY5OHHYg==", "instructor"=>{"name"=>"test"}, "commit"=>"Create Instructor"}
  [1m[35m (1.0ms)[0m  [1m[36mbegin transaction[0m
  [1m[35mSQL (1.3ms)[0m  [1m[32mINSERT INTO "instructors" ("name", "created_at", "updated_at") VALUES (?, ?, ?)[0m  [["name", "test"], ["created_at", "2020-05-21 21:18:51.329544"], ["updated_at", "2020-05-21 21:18:51.329544"]]
  [1m[35m (24.8ms)[0m  [1m[36mcommit transaction[0m
Redirected to http://localhost:3000/instructors/5
Completed 302 Found in 315ms (ActiveRecord: 27.0ms)


Started GET "/instructors/5" for ::1 at 2020-05-21 16:18:51 -0500
Processing by InstructorsController#show as HTML
  Parameters: {"id"=>"5"}
  [1m[36mInstructor Load (2.3ms)[0m  [1m[34mSELECT  "instructors".* FROM "instructors" WHERE "instructors"."id" = ? LIMIT ?[0m  [["id", 5], ["LIMIT", 1]]
  Rendering instructors/show.html.erb within layouts/application
  Rendered instructors/show.html.erb within layouts/application (56.7ms)
Completed 200 OK in 1760ms (Views: 1560.2ms | ActiveRecord: 2.3ms)


Started DELETE "/instructors/5" for ::1 at 2020-05-21 16:18:55 -0500
Processing by InstructorsController#destroy as HTML
  Parameters: {"utf8"=>"✓", "authenticity_token"=>"eWNC+6uBn6E9fB1wwPHSo77A5cPrEDGIgvEmMJm+iIHvbjCi8aTCAt9pfqtvybv2Fv//kmexa6YHCLc9RYeUjA==", "commit"=>"Delete Instructor", "id"=>"5"}
  [1m[36mInstructor Load (6.6ms)[0m  [1m[34mSELECT  "instructors".* FROM "instructors" WHERE "instructors"."id" = ? LIMIT ?[0m  [["id", 5], ["LIMIT", 1]]
  [1m[35m (0.6ms)[0m  [1m[36mbegin transaction[0m
  [1m[35mSQL (5.2ms)[0m  [1m[31mDELETE FROM "instructors" WHERE "instructors"."id" = ?[0m  [["id", 5]]
  [1m[35m (7.7ms)[0m  [1m[36mcommit transaction[0m
  Rendering instructors/home.html.erb within layouts/application
  Rendered instructors/home.html.erb within layouts/application (2.1ms)
Completed 200 OK in 1963ms (Views: 1785.0ms | ActiveRecord: 20.0ms)


Started GET "/students/1" for ::1 at 2020-05-21 16:39:33 -0500
  [1m[36mActiveRecord::SchemaMigration Load (0.7ms)[0m  [1m[34mSELECT "schema_migrations".* FROM "schema_migrations"[0m
Processing by StudentsController#show as HTML
  Parameters: {"id"=>"1"}
  [1m[36mStudent Load (0.6ms)[0m  [1m[34mSELECT  "students".* FROM "students" WHERE "students"."id" = ? LIMIT ?[0m  [["id", 1], ["LIMIT", 1]]
  Rendering students/show.html.erb within layouts/application
  Rendered students/show.html.erb within layouts/application (19.9ms)
Completed 200 OK in 1227ms (Views: 1141.3ms | ActiveRecord: 1.4ms)


Started GET "/students/new" for ::1 at 2020-05-21 16:39:40 -0500
Processing by StudentsController#new as HTML
  Rendering students/new.html.erb within layouts/application
  [1m[36mInstructor Load (1.1ms)[0m  [1m[34mSELECT "instructors".* FROM "instructors"[0m
  Rendered students/new.html.erb within layouts/application (222.3ms)
Completed 200 OK in 284ms (Views: 265.6ms | ActiveRecord: 2.4ms)


Started POST "/students" for ::1 at 2020-05-21 16:39:56 -0500
Processing by StudentsController#create as HTML
  Parameters: {"utf8"=>"✓", "authenticity_token"=>"CafllZcjBDIMi8OqcS5573GSR9trU42se9/L1tpPvjGfqpfMzQZZke6eoHHeFhC62a1diufy14L+JlrbBnaiPA==", "student"=>{"name"=>"test", "age"=>"29", "major"=>"SE", "instructor_id"=>"2"}, "commit"=>"Create Student"}
Completed 500 Internal Server Error in 204840ms (ActiveRecord: 0.0ms)


  
SystemExit (exit):
  
app/controllers/students_controller.rb:17:in `create'
Started GET "/students/new" for ::1 at 2020-05-21 16:43:24 -0500
  Rendering /Users/vidhi.sharma/.rvm/gems/ruby-2.6.1/gems/actionpack-5.0.7.2/lib/action_dispatch/middleware/templates/rescues/diagnostics.html.erb within rescues/layout
  Rendering /Users/vidhi.sharma/.rvm/gems/ruby-2.6.1/gems/actionpack-5.0.7.2/lib/action_dispatch/middleware/templates/rescues/_source.html.erb
  Rendered /Users/vidhi.sharma/.rvm/gems/ruby-2.6.1/gems/actionpack-5.0.7.2/lib/action_dispatch/middleware/templates/rescues/_source.html.erb (801.4ms)
  Rendering /Users/vidhi.sharma/.rvm/gems/ruby-2.6.1/gems/actionpack-5.0.7.2/lib/action_dispatch/middleware/templates/rescues/_trace.html.erb
  Rendered /Users/vidhi.sharma/.rvm/gems/ruby-2.6.1/gems/actionpack-5.0.7.2/lib/action_dispatch/middleware/templates/rescues/_trace.html.erb (197.6ms)
  Rendering /Users/vidhi.sharma/.rvm/gems/ruby-2.6.1/gems/actionpack-5.0.7.2/lib/action_dispatch/middleware/templates/rescues/_request_and_response.html.erb
  Rendered /Users/vidhi.sharma/.rvm/gems/ruby-2.6.1/gems/actionpack-5.0.7.2/lib/action_dispatch/middleware/templates/rescues/_request_and_response.html.erb (134.5ms)
  Rendered /Users/vidhi.sharma/.rvm/gems/ruby-2.6.1/gems/actionpack-5.0.7.2/lib/action_dispatch/middleware/templates/rescues/diagnostics.html.erb within rescues/layout (1336.3ms)
Processing by StudentsController#new as HTML
  Rendering students/new.html.erb within layouts/application
  [1m[36mInstructor Load (4.8ms)[0m  [1m[34mSELECT "instructors".* FROM "instructors"[0m
  Rendered students/new.html.erb within layouts/application (347.9ms)
Completed 200 OK in 1694ms (Views: 1307.1ms | ActiveRecord: 26.8ms)


Started POST "/students" for ::1 at 2020-05-21 16:43:39 -0500
Processing by StudentsController#create as HTML
  Parameters: {"utf8"=>"✓", "authenticity_token"=>"hHbAA0RSCzTp8bkJfzbvAfy0S6a5v8ZDtnJ/xil07SsSe7JaHndWlwvk2tLQDoZUVItR9zUenG0zi+7L9U3xJg==", "student"=>{"name"=>"Dummy", "age"=>"12", "major"=>"SE", "instructor_id"=>"1"}, "commit"=>"Create Student"}
  [1m[36mInstructor Load (1.1ms)[0m  [1m[34mSELECT  "instructors".* FROM "instructors" WHERE "instructors"."id" = ? LIMIT ?[0m  [["id", 1], ["LIMIT", 1]]
Redirected to http://localhost:3000/students/new
Completed 302 Found in 603ms (ActiveRecord: 1.1ms)


Started GET "/students/new" for ::1 at 2020-05-21 16:43:40 -0500
Processing by StudentsController#new as HTML
  Rendering students/new.html.erb within layouts/application
  [1m[36mInstructor Load (1.0ms)[0m  [1m[34mSELECT "instructors".* FROM "instructors"[0m
  Rendered students/new.html.erb within layouts/application (214.0ms)
Completed 200 OK in 1364ms (Views: 1344.4ms | ActiveRecord: 1.0ms)


Started POST "/students" for ::1 at 2020-05-21 16:43:50 -0500
Processing by StudentsController#create as HTML
  Parameters: {"utf8"=>"✓", "authenticity_token"=>"uRi4Qikq2OjMdb8vt9s8dHfkSUF+4MPhakMg3m06QbIvFcobcw+FSy5g3PQY41Uh39tTEPJBmc/vurHTsQNdvw==", "student"=>{"name"=>"Dummy", "age"=>"25", "major"=>"SE", "instructor_id"=>"2"}, "commit"=>"Create Student"}
  [1m[36mInstructor Load (1.5ms)[0m  [1m[34mSELECT  "instructors".* FROM "instructors" WHERE "instructors"."id" = ? LIMIT ?[0m  [["id", 2], ["LIMIT", 1]]
  [1m[35m (0.8ms)[0m  [1m[36mbegin transaction[0m
  [1m[35mSQL (23.8ms)[0m  [1m[32mINSERT INTO "students" ("name", "age", "major", "instructor_id", "created_at", "updated_at") VALUES (?, ?, ?, ?, ?, ?)[0m  [["name", "Dummy"], ["age", 25], ["major", "SE"], ["instructor_id", 2], ["created_at", "2020-05-21 21:43:51.224957"], ["updated_at", "2020-05-21 21:43:51.224957"]]
  [1m[35m (5.3ms)[0m  [1m[36mcommit transaction[0m
Redirected to http://localhost:3000/students/9
Completed 302 Found in 349ms (ActiveRecord: 31.4ms)


Started GET "/students/9" for ::1 at 2020-05-21 16:43:51 -0500
Processing by StudentsController#show as HTML
  Parameters: {"id"=>"9"}
  [1m[36mStudent Load (1.6ms)[0m  [1m[34mSELECT  "students".* FROM "students" WHERE "students"."id" = ? LIMIT ?[0m  [["id", 9], ["LIMIT", 1]]
  Rendering students/show.html.erb within layouts/application
  Rendered students/show.html.erb within layouts/application (7.3ms)
Completed 200 OK in 1345ms (Views: 1203.7ms | ActiveRecord: 1.6ms)


